<?xml version="1.0" encoding="UTF-8"?>
<!-- Generated by org.testng.reporters.JUnitReportReporter -->
<testsuite hostname="DESKTOP-C2B0LC9" failures="0" tests="3" name="BikashJaiswalTesting.tests.SubmitOrderTest" time="44.632" errors="0" timestamp="2024-08-07T00:56:53 IST" skipped="0">
  <testcase classname="BikashJaiswalTesting.tests.SubmitOrderTest" name="OrderHistory" time="19.038"/>
  <testcase classname="BikashJaiswalTesting.tests.SubmitOrderTest" name="submitOrder" time="12.808"/>
  <testcase classname="BikashJaiswalTesting.tests.SubmitOrderTest" name="submitOrder" time="12.786"/>
</testsuite> <!-- BikashJaiswalTesting.tests.SubmitOrderTest -->
