<?xml version="1.0" encoding="UTF-8"?>
<!-- Generated by org.testng.reporters.JUnitReportReporter -->
<testsuite hostname="DESKTOP-C2B0LC9" failures="0" tests="2" name="BikashJaiswalTesting.tests.ErrorValidationsTest" time="18.159" errors="0" timestamp="2024-08-04T11:39:12 IST" skipped="0">
  <testcase classname="BikashJaiswalTesting.tests.ErrorValidationsTest" name="LoginErrorValidation" time="8.771"/>
  <testcase classname="BikashJaiswalTesting.tests.ErrorValidationsTest" name="ProductErrorValidations" time="9.388"/>
</testsuite> <!-- BikashJaiswalTesting.tests.ErrorValidationsTest -->
