<?xml version="1.0" encoding="UTF-8"?>
<!-- Generated by org.testng.reporters.JUnitReportReporter -->
<testsuite hostname="DESKTOP-C2B0LC9" failures="0" tests="1" name="BikashJaiswalTesting.tests.StanaloneTest2" time="22.526" errors="0" timestamp="2024-07-21T18:34:35 IST" skipped="0">
  <testcase classname="BikashJaiswalTesting.tests.StanaloneTest2" name="submitOrder" time="22.526"/>
</testsuite> <!-- BikashJaiswalTesting.tests.StanaloneTest2 -->
