<?xml version="1.0" encoding="UTF-8"?>
<!-- Generated by org.testng.reporters.JUnitReportReporter -->
<testsuite hostname="DESKTOP-C2B0LC9" failures="0" tests="1" name="cucumber.TestNGTestRunner" time="12.333" errors="0" timestamp="2024-07-29T20:38:35 IST" skipped="0">
  <testcase classname="cucumber.TestNGTestRunner" name="runScenario" time="12.333"/>
</testsuite> <!-- cucumber.TestNGTestRunner -->
