<?xml version="1.0" encoding="UTF-8"?>
<!-- Generated by org.testng.reporters.JUnitReportReporter -->
<testsuite hostname="DESKTOP-C2B0LC9" failures="0" tests="2" name="BikashJaiswalTesting.tests.ErrorValidationsTest" time="27.441" errors="0" timestamp="2024-07-29T01:19:11 IST" skipped="0">
  <testcase classname="BikashJaiswalTesting.tests.ErrorValidationsTest" name="LoginErrorValidation" time="14.737"/>
  <testcase classname="BikashJaiswalTesting.tests.ErrorValidationsTest" name="ProductErrorValidations" time="12.704"/>
</testsuite> <!-- BikashJaiswalTesting.tests.ErrorValidationsTest -->
