<?xml version="1.0" encoding="UTF-8"?>
<!-- Generated by org.testng.reporters.JUnitReportReporter -->
<testsuite hostname="DESKTOP-C2B0LC9" failures="0" tests="3" name="BikashJaiswalTesting.tests.SubmitOrderTest" time="43.639" errors="0" timestamp="2024-07-29T01:19:11 IST" skipped="0">
  <testcase classname="BikashJaiswalTesting.tests.SubmitOrderTest" name="OrderHistory" time="10.983"/>
  <testcase classname="BikashJaiswalTesting.tests.SubmitOrderTest" name="submitOrder" time="18.414"/>
  <testcase classname="BikashJaiswalTesting.tests.SubmitOrderTest" name="submitOrder" time="14.242"/>
</testsuite> <!-- BikashJaiswalTesting.tests.SubmitOrderTest -->
